[2024-06-18 04:38:56]不正なデータが検知されました。group_id: 5。

発生場所: C:\Users\user\Dropbox\LP_system\app\Http\Requests\LpRequest.php の 62 行目
リクエストURL: /LP_system/lp/create
HTTPメソッド: POST
スクリプト名: /LP_system/index.php
[2024-06-18 04:39:27]不正なデータが検知されました。group_id: 6。

発生場所: C:\Users\user\Dropbox\LP_system\app\Http\Requests\LpRequest.php の 62 行目
リクエストURL: /LP_system/lp/create
HTTPメソッド: POST
スクリプト名: /LP_system/index.php
[2024-06-18 04:39:55]不正なデータが検知されました。group_id: 5。

発生場所: C:\Users\user\Dropbox\LP_system\app\Http\Requests\LpRequest.php の 62 行目
リクエストURL: /LP_system/lp/create
HTTPメソッド: POST
スクリプト名: /LP_system/index.php
[2024-06-18 04:41:27]不正なデータが検知されました。group_id: 5。

発生場所: C:\Users\user\Dropbox\LP_system\app\Http\Requests\LpRequest.php の 62 行目
リクエストURL: /LP_system/lp/create
HTTPメソッド: POST
スクリプト名: /LP_system/index.php
[2024-06-18 04:46:13]サーバーに接続できません。SQLSTATE[23000]: Integrity constraint violation: 1452 Cannot add or update a child row: a foreign key constraint fails (`lp_system`.`lp_sites`, CONSTRAINT `lp_sites_ibfk_1` FOREIGN KEY (`group_id`) REFERENCES `groups` (`id`) ON DELETE CASCADE ON UPDATE CASCADE)。

発生場所: C:\Users\user\Dropbox\LP_system\app\Models\LpModel.php の 52 行目
リクエストURL: /LP_system/lp/create
HTTPメソッド: POST
スクリプト名: /LP_system/index.php
[2024-06-18 04:46:23]サーバーに接続できません。SQLSTATE[23000]: Integrity constraint violation: 1452 Cannot add or update a child row: a foreign key constraint fails (`lp_system`.`lp_sites`, CONSTRAINT `lp_sites_ibfk_1` FOREIGN KEY (`group_id`) REFERENCES `groups` (`id`) ON DELETE CASCADE ON UPDATE CASCADE)。

発生場所: C:\Users\user\Dropbox\LP_system\app\Models\LpModel.php の 52 行目
リクエストURL: /LP_system/lp/create
HTTPメソッド: POST
スクリプト名: /LP_system/index.php
[2024-06-18 04:48:22]すでにドメインが登録されています。ドメイン: example.com。

発生場所: C:\Users\user\Dropbox\LP_system\app\Http\Requests\LpRequest.php の 75 行目
リクエストURL: /LP_system/lp/create
HTTPメソッド: POST
スクリプト名: /LP_system/index.php
[2024-06-18 04:49:08]CSRFトークンエラーが発生しました。。

発生場所: C:\Users\user\Dropbox\LP_system\app\Http\Requests\LpRequest.php の 18 行目
リクエストURL: /LP_system/lp/create
HTTPメソッド: POST
スクリプト名: /LP_system/index.php
[2024-06-18 04:58:31]サーバーに接続できません。SQLSTATE[42000]: Syntax error or access violation: 1064 You have an error in your SQL syntax; check the manual that corresponds to your MariaDB server version for the right syntax to use near ''lp_sites' LEFT JOIN 'groups' ON 'lp_sites'.group_id = 'groups'.id' at line 1。

発生場所: C:\Users\user\Dropbox\LP_system\app\Models\LpModel.php の 69 行目
リクエストURL: /LP_system/index
HTTPメソッド: GET
スクリプト名: /LP_system/index.php
[2024-06-18 05:02:50]サーバーに接続できません。SQLSTATE[42000]: Syntax error or access violation: 1064 You have an error in your SQL syntax; check the manual that corresponds to your MariaDB server version for the right syntax to use near '* 
                FROM 
                    lp_sites 
                LEF...' at line 6。

発生場所: C:\Users\user\Dropbox\LP_system\app\Models\LpModel.php の 80 行目
リクエストURL: /LP_system/index
HTTPメソッド: GET
スクリプト名: /LP_system/index.php
[2024-06-18 05:03:26]サーバーに接続できません。SQLSTATE[42000]: Syntax error or access violation: 1064 You have an error in your SQL syntax; check the manual that corresponds to your MariaDB server version for the right syntax to use near 'FROM 
                    lp_sites 
                LEFT JOIN 
           ...' at line 8。

発生場所: C:\Users\user\Dropbox\LP_system\app\Models\LpModel.php の 81 行目
リクエストURL: /LP_system/index
HTTPメソッド: GET
スクリプト名: /LP_system/index.php
[2024-06-18 09:56:45]不正なデータが検知されました。group_id: 。

発生場所: C:\Users\user\Dropbox\LP_system\app\Http\Requests\LpRequest.php の 61 行目
リクエストURL: /LP_system/lp/edit
HTTPメソッド: POST
スクリプト名: /LP_system/index.php
[2024-06-18 09:58:05]不正なデータが検知されました。group_id: 。

発生場所: C:\Users\user\Dropbox\LP_system\app\Http\Requests\LpRequest.php の 61 行目
リクエストURL: /LP_system/lp/edit
HTTPメソッド: POST
スクリプト名: /LP_system/index.php
[2024-06-18 09:58:36]不正なデータが検知されました。group_id: 。

発生場所: C:\Users\user\Dropbox\LP_system\app\Http\Requests\LpRequest.php の 61 行目
リクエストURL: /LP_system/lp/edit
HTTPメソッド: POST
スクリプト名: /LP_system/index.php
[2024-06-18 09:58:39]不正なデータが検知されました。group_id: 。

発生場所: C:\Users\user\Dropbox\LP_system\app\Http\Requests\LpRequest.php の 61 行目
リクエストURL: /LP_system/lp/edit
HTTPメソッド: POST
スクリプト名: /LP_system/index.php
[2024-06-18 09:58:43]不正なデータが検知されました。group_id: 。

発生場所: C:\Users\user\Dropbox\LP_system\app\Http\Requests\LpRequest.php の 61 行目
リクエストURL: /LP_system/lp/edit
HTTPメソッド: POST
スクリプト名: /LP_system/index.php
[2024-06-18 09:59:16]不正なデータが検知されました。group_id: 。

発生場所: C:\Users\user\Dropbox\LP_system\app\Http\Requests\LpRequest.php の 61 行目
リクエストURL: /LP_system/lp/edit
HTTPメソッド: POST
スクリプト名: /LP_system/index.php
[2024-06-18 09:59:20]不正なデータが検知されました。group_id: 。

発生場所: C:\Users\user\Dropbox\LP_system\app\Http\Requests\LpRequest.php の 61 行目
リクエストURL: /LP_system/lp/edit
HTTPメソッド: POST
スクリプト名: /LP_system/index.php
[2024-06-18 10:01:30]不正なデータが検知されました。group_id: 。

発生場所: C:\Users\user\Dropbox\LP_system\app\Http\Requests\LpRequest.php の 61 行目
リクエストURL: /LP_system/lp/edit
HTTPメソッド: POST
スクリプト名: /LP_system/index.php
[2024-06-18 10:07:53]選択されたLPIDが存在しません。LPID: 0。

発生場所: C:\Users\user\Dropbox\LP_system\app\Http\Requests\LpRequest.php の 98 行目
リクエストURL: /LP_system/lp/edit
HTTPメソッド: POST
スクリプト名: /LP_system/index.php
[2024-06-18 10:07:57]選択されたLPIDが存在しません。LPID: 0。

発生場所: C:\Users\user\Dropbox\LP_system\app\Http\Requests\LpRequest.php の 98 行目
リクエストURL: /LP_system/lp/edit
HTTPメソッド: POST
スクリプト名: /LP_system/index.php
[2024-06-18 10:08:36]選択されたLPIDが存在しません。LPID: 0。

発生場所: C:\Users\user\Dropbox\LP_system\app\Http\Requests\LpRequest.php の 98 行目
リクエストURL: /LP_system/lp/edit
HTTPメソッド: POST
スクリプト名: /LP_system/index.php
[2024-06-18 10:10:35]サーバーに接続できません。SQLSTATE[HY093]: Invalid parameter number: parameter was not defined。

発生場所: C:\Users\user\Dropbox\LP_system\app\Models\LpModel.php の 167 行目
リクエストURL: /LP_system/lp/edit
HTTPメソッド: POST
スクリプト名: /LP_system/index.php
[2024-06-18 10:10:47]サーバーに接続できません。SQLSTATE[HY093]: Invalid parameter number: parameter was not defined。

発生場所: C:\Users\user\Dropbox\LP_system\app\Models\LpModel.php の 167 行目
リクエストURL: /LP_system/lp/edit
HTTPメソッド: POST
スクリプト名: /LP_system/index.php
[2024-06-18 10:13:33]不正なデータが検知されました。group_id: 。

発生場所: C:\Users\user\Dropbox\LP_system\app\Http\Requests\LpRequest.php の 61 行目
リクエストURL: /LP_system/lp/edit
HTTPメソッド: POST
スクリプト名: /LP_system/index.php
[2024-06-18 10:13:36]不正なデータが検知されました。group_id: 。

発生場所: C:\Users\user\Dropbox\LP_system\app\Http\Requests\LpRequest.php の 61 行目
リクエストURL: /LP_system/lp/edit
HTTPメソッド: POST
スクリプト名: /LP_system/index.php
[2024-06-18 10:17:16]サーバーに接続できません。SQLSTATE[42000]: Syntax error or access violation: 1064 You have an error in your SQL syntax; check the manual that corresponds to your MariaDB server version for the right syntax to use near 'WHERE id = '6'' at line 1。

発生場所: C:\Users\user\Dropbox\LP_system\app\Models\LpModel.php の 172 行目
リクエストURL: /LP_system/lp/edit
HTTPメソッド: POST
スクリプト名: /LP_system/index.php
[2024-06-18 10:17:22]不正なデータが検知されました。group_id: 。

発生場所: C:\Users\user\Dropbox\LP_system\app\Http\Requests\LpRequest.php の 61 行目
リクエストURL: /LP_system/lp/edit
HTTPメソッド: POST
スクリプト名: /LP_system/index.php
[2024-06-18 10:17:30]不正なデータが検知されました。group_id: 。

発生場所: C:\Users\user\Dropbox\LP_system\app\Http\Requests\LpRequest.php の 61 行目
リクエストURL: /LP_system/lp/edit
HTTPメソッド: POST
スクリプト名: /LP_system/index.php
[2024-06-18 10:17:41]サーバーに接続できません。SQLSTATE[42000]: Syntax error or access violation: 1064 You have an error in your SQL syntax; check the manual that corresponds to your MariaDB server version for the right syntax to use near 'WHERE id = '6'' at line 1。

発生場所: C:\Users\user\Dropbox\LP_system\app\Models\LpModel.php の 172 行目
リクエストURL: /LP_system/lp/edit
HTTPメソッド: POST
スクリプト名: /LP_system/index.php
[2024-06-18 10:28:38]不正なデータが検知されました。group_id: 。

発生場所: C:\Users\user\Dropbox\LP_system\app\Http\Requests\LpRequest.php の 61 行目
リクエストURL: /LP_system/lp/edit
HTTPメソッド: POST
スクリプト名: /LP_system/index.php
[2024-06-18 10:28:50]不正なデータが検知されました。group_id: 。

発生場所: C:\Users\user\Dropbox\LP_system\app\Http\Requests\LpRequest.php の 61 行目
リクエストURL: /LP_system/lp/edit
HTTPメソッド: POST
スクリプト名: /LP_system/index.php
[2024-06-18 10:28:54]不正なデータが検知されました。group_id: 。

発生場所: C:\Users\user\Dropbox\LP_system\app\Http\Requests\LpRequest.php の 61 行目
リクエストURL: /LP_system/lp/edit
HTTPメソッド: POST
スクリプト名: /LP_system/index.php
[2024-06-18 10:29:09]サーバーに接続できません。SQLSTATE[42000]: Syntax error or access violation: 1064 You have an error in your SQL syntax; check the manual that corresponds to your MariaDB server version for the right syntax to use near 'WHERE id = '4'' at line 1。

発生場所: C:\Users\user\Dropbox\LP_system\app\Models\LpModel.php の 172 行目
リクエストURL: /LP_system/lp/edit
HTTPメソッド: POST
スクリプト名: /LP_system/index.php
[2024-06-18 10:30:34]不正なデータが検知されました。group_id: 。

発生場所: C:\Users\user\Dropbox\LP_system\app\Http\Requests\LpRequest.php の 61 行目
リクエストURL: /LP_system/lp/edit
HTTPメソッド: POST
スクリプト名: /LP_system/index.php
[2024-06-18 10:30:47]不正なデータが検知されました。group_id: 。

発生場所: C:\Users\user\Dropbox\LP_system\app\Http\Requests\LpRequest.php の 61 行目
リクエストURL: /LP_system/lp/edit
HTTPメソッド: POST
スクリプト名: /LP_system/index.php
[2024-06-18 11:13:30]不正なデータが検知されました。group_id: 。

発生場所: C:\Users\user\Dropbox\LP_system\app\Http\Requests\LpRequest.php の 61 行目
リクエストURL: /LP_system/lp/edit
HTTPメソッド: POST
スクリプト名: /LP_system/index.php
[2024-06-18 11:13:33]不正なデータが検知されました。group_id: 。

発生場所: C:\Users\user\Dropbox\LP_system\app\Http\Requests\LpRequest.php の 61 行目
リクエストURL: /LP_system/lp/edit
HTTPメソッド: POST
スクリプト名: /LP_system/index.php
[2024-06-18 11:14:28]不正なデータが検知されました。group_id: 。

発生場所: C:\Users\user\Dropbox\LP_system\app\Http\Requests\LpRequest.php の 61 行目
リクエストURL: /LP_system/lp/edit
HTTPメソッド: POST
スクリプト名: /LP_system/index.php
[2024-06-18 11:14:38]不正なデータが検知されました。group_id: 。

発生場所: C:\Users\user\Dropbox\LP_system\app\Http\Requests\LpRequest.php の 61 行目
リクエストURL: /LP_system/lp/edit
HTTPメソッド: POST
スクリプト名: /LP_system/index.php
[2024-06-18 11:59:29]サーバーに接続できません。SQLSTATE[23000]: Integrity constraint violation: 1062 Duplicate entry 'snow-sun.info' for key 'domain'。

発生場所: C:\Users\user\Dropbox\LP_system\app\Models\LpModel.php の 173 行目
リクエストURL: /LP_system/lp/edit
HTTPメソッド: POST
スクリプト名: /LP_system/index.php
[2024-06-18 11:59:53]サーバーに接続できません。SQLSTATE[23000]: Integrity constraint violation: 1062 Duplicate entry 'radiant-sea.biz' for key 'domain'。

発生場所: C:\Users\user\Dropbox\LP_system\app\Models\LpModel.php の 173 行目
リクエストURL: /LP_system/lp/edit
HTTPメソッド: POST
スクリプト名: /LP_system/index.php
