[2024-06-17 10:59:44]サーバーに接続できません。SQLSTATE[HY000] [1045] Access denied for user ''@'localhost' (using password: NO)。

発生場所: C:\Users\user\Dropbox\LP_system\app\Services\utils\DatabaseConnection.php の 22 行目
リクエストURL: /LP_system/group/create
HTTPメソッド: POST
スクリプト名: /LP_system/index.php
[2024-06-17 11:04:10]CSRFトークンエラーが発生しました。。

発生場所: C:\Users\user\Dropbox\LP_system\app\Http\Requests\GroupRequest.php の 15 行目
リクエストURL: /LP_system/group/create
HTTPメソッド: POST
スクリプト名: /LP_system/index.php
[2024-06-17 11:04:42]CSRFトークンエラーが発生しました。。

発生場所: C:\Users\user\Dropbox\LP_system\app\Http\Requests\GroupRequest.php の 15 行目
リクエストURL: /LP_system/group/create
HTTPメソッド: POST
スクリプト名: /LP_system/index.php
[2024-06-17 11:07:01]group_titleが文字数が制限を超えています。。

発生場所: C:\Users\user\Dropbox\LP_system\app\Http\Requests\GroupRequest.php の 30 行目
リクエストURL: /LP_system/group/create
HTTPメソッド: POST
スクリプト名: /LP_system/index.php
[2024-06-17 11:07:16]group_titleが文字数が制限を超えています。。

発生場所: C:\Users\user\Dropbox\LP_system\app\Http\Requests\GroupRequest.php の 30 行目
リクエストURL: /LP_system/group/create
HTTPメソッド: POST
スクリプト名: /LP_system/index.php
[2024-06-17 11:07:48]group_titleが文字数が制限を超えています。。

発生場所: C:\Users\user\Dropbox\LP_system\app\Http\Requests\GroupRequest.php の 30 行目
リクエストURL: /LP_system/group/create
HTTPメソッド: POST
スクリプト名: /LP_system/index.php
[2024-06-17 11:08:09]group_titleが文字数が制限を超えています。。

発生場所: C:\Users\user\Dropbox\LP_system\app\Http\Requests\GroupRequest.php の 30 行目
リクエストURL: /LP_system/group/create
HTTPメソッド: POST
スクリプト名: /LP_system/index.php
[2024-06-17 11:10:21]サーバーに接続できません。SQLSTATE[23000]: Integrity constraint violation: 1062 Duplicate entry '' for key 'title'。

発生場所: C:\Users\user\Dropbox\LP_system\app\Models\GroupModel.php の 31 行目
リクエストURL: /LP_system/group/create
HTTPメソッド: POST
スクリプト名: /LP_system/index.php
[2024-06-17 11:20:39]CSRFトークンエラーが発生しました。。

発生場所: C:\Users\user\Dropbox\LP_system\app\Http\Requests\GroupRequest.php の 15 行目
リクエストURL: /LP_system/group/create
HTTPメソッド: POST
スクリプト名: /LP_system/index.php
[2024-06-17 11:21:17]CSRFトークンエラーが発生しました。。

発生場所: C:\Users\user\Dropbox\LP_system\app\Http\Requests\GroupRequest.php の 15 行目
リクエストURL: /LP_system/group/create
HTTPメソッド: POST
スクリプト名: /LP_system/index.php
[2024-06-17 11:22:26]CSRFトークンエラーが発生しました。。

発生場所: C:\Users\user\Dropbox\LP_system\app\Http\Requests\GroupRequest.php の 15 行目
リクエストURL: /LP_system/group/create
HTTPメソッド: POST
スクリプト名: /LP_system/index.php
[2024-06-17 11:24:18]CSRFトークンエラーが発生しました。。

発生場所: C:\Users\user\Dropbox\LP_system\app\Http\Requests\GroupRequest.php の 15 行目
リクエストURL: /LP_system/group/create
HTTPメソッド: POST
スクリプト名: /LP_system/index.php
