[2024-06-19 02:59:29]CSRFトークンエラーが発生しました。。

発生場所: C:\Users\user\Dropbox\LP_system\app\Http\Requests\LpRequest.php の 18 行目
リクエストURL: /LP_system/lp/edit
HTTPメソッド: POST
スクリプト名: /LP_system/index.php
[2024-06-19 05:42:26]CSRFトークンエラーが発生しました。。

発生場所: C:\Users\user\Dropbox\LP_system\app\Http\Requests\GroupRequest.php の 15 行目
リクエストURL: /LP_system/group/edit
HTTPメソッド: POST
スクリプト名: /LP_system/index.php
[2024-06-19 06:31:39]サーバーに接続できません。SQLSTATE[42000]: Syntax error or access violation: 1064 You have an error in your SQL syntax; check the manual that corresponds to your MariaDB server version for the right syntax to use near '`is_deleted = '0')' at line 1。

発生場所: C:\Users\user\Dropbox\LP_system\app\Models\LpModel.php の 130 行目
リクエストURL: /LP_system/lp/delete
HTTPメソッド: POST
スクリプト名: /LP_system/index.php
[2024-06-19 06:31:55]サーバーに接続できません。SQLSTATE[42000]: Syntax error or access violation: 1064 You have an error in your SQL syntax; check the manual that corresponds to your MariaDB server version for the right syntax to use near '`is_deleted = '0')' at line 1。

発生場所: C:\Users\user\Dropbox\LP_system\app\Models\LpModel.php の 130 行目
リクエストURL: /LP_system/lp/edit
HTTPメソッド: POST
スクリプト名: /LP_system/index.php
[2024-06-19 06:33:14]サーバーに接続できません。SQLSTATE[42000]: Syntax error or access violation: 1064 You have an error in your SQL syntax; check the manual that corresponds to your MariaDB server version for the right syntax to use near '`is_deleted = '0'' at line 17。

発生場所: C:\Users\user\Dropbox\LP_system\app\Models\LpModel.php の 112 行目
リクエストURL: /LP_system/index
HTTPメソッド: GET
スクリプト名: /LP_system/index.php
[2024-06-19 06:33:18]サーバーに接続できません。SQLSTATE[42000]: Syntax error or access violation: 1064 You have an error in your SQL syntax; check the manual that corresponds to your MariaDB server version for the right syntax to use near '`is_deleted = '0'' at line 17。

発生場所: C:\Users\user\Dropbox\LP_system\app\Models\LpModel.php の 112 行目
リクエストURL: /LP_system/index
HTTPメソッド: GET
スクリプト名: /LP_system/index.php
[2024-06-19 06:33:56]サーバーに接続できません。SQLSTATE[42000]: Syntax error or access violation: 1064 You have an error in your SQL syntax; check the manual that corresponds to your MariaDB server version for the right syntax to use near '`is_deleted = '0'' at line 17。

発生場所: C:\Users\user\Dropbox\LP_system\app\Models\LpModel.php の 112 行目
リクエストURL: /LP_system/index
HTTPメソッド: GET
スクリプト名: /LP_system/index.php
[2024-06-19 06:34:00]サーバーに接続できません。SQLSTATE[42000]: Syntax error or access violation: 1064 You have an error in your SQL syntax; check the manual that corresponds to your MariaDB server version for the right syntax to use near '`is_deleted = '0'' at line 17。

発生場所: C:\Users\user\Dropbox\LP_system\app\Models\LpModel.php の 112 行目
リクエストURL: /LP_system/index
HTTPメソッド: GET
スクリプト名: /LP_system/index.php
[2024-06-19 06:35:10]サーバーに接続できません。SQLSTATE[42000]: Syntax error or access violation: 1064 You have an error in your SQL syntax; check the manual that corresponds to your MariaDB server version for the right syntax to use near '`is_deleted = '0')' at line 1。

発生場所: C:\Users\user\Dropbox\LP_system\app\Models\LpModel.php の 130 行目
リクエストURL: /LP_system/lp/edit
HTTPメソッド: POST
スクリプト名: /LP_system/index.php
[2024-06-19 06:39:45]サーバーに接続できません。SQLSTATE[23000]: Integrity constraint violation: 1062 Duplicate entry 'example.com' for key 'domain'。

発生場所: C:\Users\user\Dropbox\LP_system\app\Models\LpModel.php の 55 行目
リクエストURL: /LP_system/lp/create
HTTPメソッド: POST
スクリプト名: /LP_system/index.php
[2024-06-19 06:40:52]サーバーに接続できません。SQLSTATE[23000]: Integrity constraint violation: 1062 Duplicate entry 'example.com' for key 'domain'。

発生場所: C:\Users\user\Dropbox\LP_system\app\Models\LpModel.php の 55 行目
リクエストURL: /LP_system/lp/create
HTTPメソッド: POST
スクリプト名: /LP_system/index.php
[2024-06-19 09:12:47]サーバーに接続できません。SQLSTATE[42000]: Syntax error or access violation: 1064 You have an error in your SQL syntax; check the manual that corresponds to your MariaDB server version for the right syntax to use near '7'' at line 1。

発生場所: C:\Users\user\Dropbox\LP_system\app\Models\LpModel.php の 235 行目
リクエストURL: /LP_system/app/fetch/fetchGroupId.php
HTTPメソッド: POST
スクリプト名: /LP_system/app/fetch/fetchGroupId.php
[2024-06-19 09:12:47]Fetch error: Unexpected token '<', "

<!DOCTYPE "... is not valid JSON, Detailed error: SyntaxError: Unexpected token '<', "

<!DOCTYPE "... is not valid JSON, Wed Jun 19 2024 16:12:47 GMT+0900 (日本標準時)。

発生場所: C:\Users\user\Dropbox\LP_system\app\Fetch\fetchError.php の 16 行目
リクエストURL: /LP_system/app/fetch/fetchError.php
HTTPメソッド: POST
スクリプト名: /LP_system/app/fetch/fetchError.php
[2024-06-19 09:15:12]サーバーに接続できません。SQLSTATE[42000]: Syntax error or access violation: 1064 You have an error in your SQL syntax; check the manual that corresponds to your MariaDB server version for the right syntax to use near '7'' at line 1。

発生場所: C:\Users\user\Dropbox\LP_system\app\Models\LpModel.php の 235 行目
リクエストURL: /LP_system/app/fetch/fetchGroupId.php
HTTPメソッド: POST
スクリプト名: /LP_system/app/fetch/fetchGroupId.php
[2024-06-19 09:15:12]Fetch error: Unexpected token '<', "

<!DOCTYPE "... is not valid JSON, Detailed error: SyntaxError: Unexpected token '<', "

<!DOCTYPE "... is not valid JSON, Wed Jun 19 2024 16:15:12 GMT+0900 (日本標準時)。

発生場所: C:\Users\user\Dropbox\LP_system\app\Fetch\fetchError.php の 16 行目
リクエストURL: /LP_system/app/fetch/fetchError.php
HTTPメソッド: POST
スクリプト名: /LP_system/app/fetch/fetchError.php
[2024-06-19 09:16:47]サーバーに接続できません。SQLSTATE[42000]: Syntax error or access violation: 1064 You have an error in your SQL syntax; check the manual that corresponds to your MariaDB server version for the right syntax to use near '7'' at line 1。

発生場所: C:\Users\user\Dropbox\LP_system\app\Models\LpModel.php の 235 行目
リクエストURL: /LP_system/app/fetch/fetchGroupId.php
HTTPメソッド: POST
スクリプト名: /LP_system/app/fetch/fetchGroupId.php
[2024-06-19 09:16:47]Fetch error: Unexpected token '<', "

<!DOCTYPE "... is not valid JSON, Detailed error: SyntaxError: Unexpected token '<', "

<!DOCTYPE "... is not valid JSON, Wed Jun 19 2024 16:16:47 GMT+0900 (日本標準時)。

発生場所: C:\Users\user\Dropbox\LP_system\app\Fetch\fetchError.php の 16 行目
リクエストURL: /LP_system/app/fetch/fetchError.php
HTTPメソッド: POST
スクリプト名: /LP_system/app/fetch/fetchError.php
[2024-06-19 09:18:19]サーバーに接続できません。SQLSTATE[42000]: Syntax error or access violation: 1064 You have an error in your SQL syntax; check the manual that corresponds to your MariaDB server version for the right syntax to use near '7'' at line 1。

発生場所: C:\Users\user\Dropbox\LP_system\app\Models\LpModel.php の 235 行目
リクエストURL: /LP_system/app/fetch/fetchGroupId.php
HTTPメソッド: POST
スクリプト名: /LP_system/app/fetch/fetchGroupId.php
[2024-06-19 09:21:19]サーバーに接続できません。SQLSTATE[42000]: Syntax error or access violation: 1064 You have an error in your SQL syntax; check the manual that corresponds to your MariaDB server version for the right syntax to use near '7'' at line 1。

発生場所: C:\Users\user\Dropbox\LP_system\app\Models\LpModel.php の 235 行目
リクエストURL: /LP_system/app/fetch/fetchGroupId.php
HTTPメソッド: POST
スクリプト名: /LP_system/app/fetch/fetchGroupId.php
[2024-06-19 09:21:27]サーバーに接続できません。SQLSTATE[42000]: Syntax error or access violation: 1064 You have an error in your SQL syntax; check the manual that corresponds to your MariaDB server version for the right syntax to use near '7'' at line 1。

発生場所: C:\Users\user\Dropbox\LP_system\app\Models\LpModel.php の 235 行目
リクエストURL: /LP_system/app/fetch/fetchGroupId.php
HTTPメソッド: POST
スクリプト名: /LP_system/app/fetch/fetchGroupId.php
[2024-06-19 09:32:15]すでにドメインが登録されています。ドメイン: example.com。

発生場所: C:\Users\user\Dropbox\LP_system\app\Http\Requests\LpRequest.php の 75 行目
リクエストURL: /LP_system/lp/create
HTTPメソッド: POST
スクリプト名: /LP_system/index.php
